2021-05-16 15:45:00 [index.js] error: "The \"data\" argument must be of type string or an instance of Buffer, TypedArray, or DataView. Received undefined"
2021-05-16 15:45:03 [index.js] error: "The \"data\" argument must be of type string or an instance of Buffer, TypedArray, or DataView. Received undefined"
2021-05-16 15:45:04 [index.js] error: "The \"data\" argument must be of type string or an instance of Buffer, TypedArray, or DataView. Received undefined"
2021-05-16 15:45:05 [index.js] error: "The \"data\" argument must be of type string or an instance of Buffer, TypedArray, or DataView. Received undefined"
2021-05-16 15:45:42 [index.js] error: "The \"data\" argument must be of type string or an instance of Buffer, TypedArray, or DataView. Received undefined"
2021-05-16 15:45:43 [index.js] error: "The \"data\" argument must be of type string or an instance of Buffer, TypedArray, or DataView. Received undefined"
2021-05-16 15:46:34 [index.js] error: "The \"data\" argument must be of type string or an instance of Buffer, TypedArray, or DataView. Received undefined"
2021-05-16 16:28:05 [index.js] error: "Cannot read property 'username' of null"
2021-05-16 16:28:30 [index.js] error: "Cannot read property 'username' of null"
2021-05-16 16:28:32 [index.js] error: "Cannot read property 'username' of null"
2021-05-16 16:28:32 [index.js] error: "Cannot read property 'username' of null"
2021-05-16 16:29:28 [index.js] error: "Cannot read property 'username' of null"
2021-05-16 16:29:29 [index.js] error: "Cannot read property 'username' of null"
2021-05-16 16:54:44 [index.js] error: "You are unauthorized in this method"
2021-05-16 16:54:46 [index.js] error: "You are unauthorized in this method"
2021-05-16 16:54:46 [index.js] error: "You are unauthorized in this method"
2021-05-16 16:54:47 [index.js] error: "You are unauthorized in this method"
2021-05-16 16:54:47 [index.js] error: "You are unauthorized in this method"
2021-05-16 17:00:44 [index.js] error: "You are unauthorized in this method"
2021-05-16 17:01:50 [index.js] error: "You are unauthorized in this method"
2021-05-16 17:01:51 [index.js] error: "You are unauthorized in this method"
2021-05-16 17:01:52 [index.js] error: "You are unauthorized in this method"
2021-05-16 17:04:37 [index.js] error: "You are unauthorized in this method"
2021-05-16 17:04:39 [index.js] error: "You are unauthorized in this method"
2021-05-16 17:04:40 [index.js] error: "You are unauthorized in this method"
2021-05-16 17:04:58 [index.js] error: "You are unauthorized in this method"
2021-05-16 17:05:00 [index.js] error: "You are unauthorized in this method"
2021-05-16 17:05:01 [index.js] error: "You are unauthorized in this method"
2021-05-16 17:05:31 [index.js] error: "You are unauthorized in this method"
2021-05-16 17:05:32 [index.js] error: "You are unauthorized in this method"
2021-05-16 17:05:33 [index.js] error: "You are unauthorized in this method"
2021-05-16 17:05:34 [index.js] error: "You are unauthorized in this method"
2021-05-16 17:05:35 [index.js] error: "You are unauthorized in this method"
2021-05-16 17:05:37 [index.js] error: "You are unauthorized in this method"
2021-05-16 17:05:39 [index.js] error: "You are unauthorized in this method"
2021-05-16 17:05:39 [index.js] error: "You are unauthorized in this method"
2021-05-16 17:05:44 [index.js] error: "You are unauthorized in this method"
2021-05-16 17:05:45 [index.js] error: "You are unauthorized in this method"
2021-05-16 17:05:46 [index.js] error: "You are unauthorized in this method"
2021-05-16 17:05:46 [index.js] error: "You are unauthorized in this method"
2021-05-16 17:06:12 [index.js] error: "You are unauthorized in this method"
2021-05-16 17:06:13 [index.js] error: "You are unauthorized in this method"
2021-05-16 17:06:14 [index.js] error: "You are unauthorized in this method"
2021-05-16 17:06:15 [index.js] error: "You are unauthorized in this method"
2021-05-16 17:07:55 [index.js] error: "You are unauthorized in this method"
2021-05-16 17:07:56 [index.js] error: "You are unauthorized in this method"
2021-05-16 17:07:57 [index.js] error: "You are unauthorized in this method"
2021-05-16 20:21:02 [index.js] error: "id: not found"
2021-05-16 20:21:03 [index.js] error: "id: not found"
2021-05-16 20:21:18 [index.js] error: "id: not found"
2021-05-16 20:21:19 [index.js] error: "id: not found"
2021-05-16 20:22:42 [index.js] error: "username not found"
2021-05-16 20:24:19 [index.js] error: "id: not found"
2021-05-16 20:24:20 [index.js] error: "id: not found"
2021-05-16 20:24:21 [index.js] error: "id: not found"
2021-05-16 20:24:46 [index.js] error: "id: not found"
2021-05-16 20:25:47 [index.js] error: "id: not found"
2021-05-16 20:25:49 [index.js] error: "id: not found"
2021-05-16 20:25:50 [index.js] error: "id: not found"
2021-05-16 20:25:59 [index.js] error: "id: not found"
2021-05-16 20:26:00 [index.js] error: "id: not found"
2021-05-16 20:26:01 [index.js] error: "id: not found"
2021-05-16 20:26:15 [index.js] error: "id: not found"
2021-05-16 20:26:16 [index.js] error: "id: not found"
2021-05-16 20:26:19 [index.js] error: "id: not found"
2021-05-16 20:26:19 [index.js] error: "id: not found"
2021-05-16 20:27:26 [index.js] error: "id: not found"
2021-05-16 20:27:48 [index.js] error: "id: not found"
2021-05-16 20:27:49 [index.js] error: "id: not found"
2021-05-16 20:27:50 [index.js] error: "id: not found"
2021-05-16 20:28:10 [index.js] error: "id: not found"
2021-05-16 20:28:11 [index.js] error: "id: not found"
2021-05-16 20:28:19 [index.js] error: "id: not found"
2021-05-16 20:28:20 [index.js] error: "id: not found"
2021-05-16 20:28:21 [index.js] error: "id: not found"
2021-05-16 20:28:21 [index.js] error: "id: not found"
2021-05-16 20:28:50 [index.js] error: "id: not found"
2021-05-16 20:28:52 [index.js] error: "id: not found"
2021-05-16 20:28:53 [index.js] error: "id: not found"
2021-05-16 20:29:05 [index.js] error: "id: not found"
2021-05-16 20:29:06 [index.js] error: "id: not found"
2021-05-16 20:29:07 [index.js] error: "id: not found"
2021-05-16 20:34:06 [index.js] error: "id: not found"
2021-05-16 20:34:10 [index.js] error: "id: not found"
2021-05-17 13:00:26 [index.js] error: "ErrorUnauthorized is not defined"
2021-05-17 13:00:38 [index.js] error: "ErrorUnauthorized is not defined"
2021-05-17 13:00:39 [index.js] error: "ErrorUnauthorized is not defined"
2021-05-17 13:00:39 [index.js] error: "ErrorUnauthorized is not defined"
2021-05-17 13:01:23 [index.js] error: "Cast to ObjectId failed for value \"60a0ecae2ec01fdfbb672c9bc3fdfdfe\" at path \"_id\""
2021-05-17 13:10:07 [index.js] error: "Cast to ObjectId failed for value \"60a0ecae2ec01fdfbb672c9bc3fdfdfe\" at path \"_id\""
2021-05-17 13:35:28 [index.js] error: "id: not found"
2021-05-17 13:35:29 [index.js] error: "id: not found"
2021-05-17 13:35:31 [index.js] error: "id: not found"
2021-05-17 13:35:31 [index.js] error: "id: not found"
2021-05-17 13:36:00 [index.js] error: "id: not found"
2021-05-17 13:36:03 [index.js] error: "id: not found"
2021-05-17 13:36:55 [index.js] error: "id: not found"
2021-05-17 13:36:57 [index.js] error: "id: not found"
2021-05-17 13:36:58 [index.js] error: "id: not found"
2021-05-17 13:36:59 [index.js] error: "id: not found"
2021-05-17 13:37:00 [index.js] error: "id: not found"
2021-05-17 13:37:20 [index.js] error: "id: not found"
2021-05-17 13:37:42 [index.js] error: "id: not found"
2021-05-17 13:37:46 [index.js] error: "id: not found"
2021-05-17 13:37:46 [index.js] error: "id: not found"
2021-05-17 13:37:47 [index.js] error: "id: not found"
2021-05-17 13:38:02 [index.js] error: "id: not found"
2021-05-17 13:38:03 [index.js] error: "id: not found"
2021-05-17 13:38:03 [index.js] error: "id: not found"
2021-05-17 13:38:04 [index.js] error: "id: not found"
2021-05-17 13:38:05 [index.js] error: "id: not found"
2021-05-17 13:38:29 [index.js] error: "id: not found"
2021-05-17 13:39:04 [index.js] error: "id: not found"
2021-05-17 13:39:21 [index.js] error: "id: not found"
2021-05-17 13:39:22 [index.js] error: "id: not found"
2021-05-17 13:39:23 [index.js] error: "id: not found"
2021-05-17 13:39:43 [index.js] error: "id: not found"
2021-05-17 13:39:44 [index.js] error: "id: not found"
2021-05-17 18:36:59 [index.js] error: "password is invalid."
2021-05-17 18:37:15 [index.js] error: "password is invalid."
2021-05-17 18:37:16 [index.js] error: "password is invalid."
2021-05-17 18:37:16 [index.js] error: "password is invalid."
2021-05-17 18:37:28 [index.js] error: "password is invalid."
2021-05-17 18:37:29 [index.js] error: "password is invalid."
2021-05-17 18:37:29 [index.js] error: "password is invalid."
2021-05-17 18:37:30 [index.js] error: "password is invalid."
2021-05-17 20:32:16 [index.js] error: "username not found"
2021-05-17 20:36:27 [index.js] error: "username not found"
2021-05-17 20:36:31 [index.js] error: "username not found"
2021-05-17 20:36:36 [index.js] error: "username not found"
2021-05-17 20:40:03 [index.js] error: "User validation failed: username: Path `username` is required., role: Path `role` is required."
2021-05-17 20:40:04 [index.js] error: "User validation failed: username: Path `username` is required., role: Path `role` is required."
2021-05-17 21:37:05 [index.js] error: "User validation failed: username: Path `username` is required., role: Path `role` is required."
2021-05-17 21:37:06 [index.js] error: "User validation failed: username: Path `username` is required., role: Path `role` is required."
2021-05-17 21:37:50 [index.js] error: "User validation failed: role: Path `role` is required."
2021-05-17 21:38:13 [index.js] error: "User validation failed: role: Path `role` is required."
2021-05-17 22:13:46 [index.js] error: "password is invalid."
2021-05-17 22:18:28 [index.js] error: "username not found"
2021-05-17 22:19:39 [index.js] error: "username not found"
2021-05-17 22:21:07 [index.js] error: "username not found"
2021-05-17 23:04:25 [index.js] error: "User validation failed: username: Error, expected `username` to be unique. Value: `korn`"
2021-05-17 23:06:06 [index.js] error: "User validation failed: username: Error, expected `username` to be unique. Value: `adminkorn`"
2021-05-17 23:06:28 [index.js] error: "User validation failed: username: Error, expected `username` to be unique. Value: `korn`"
2021-05-17 23:06:49 [index.js] error: "User validation failed: username: Error, expected `username` to be unique. Value: `korn`"
2021-05-17 23:07:05 [index.js] error: "User validation failed: username: Error, expected `username` to be unique. Value: `korn`"
2021-05-17 23:07:05 [index.js] error: "User validation failed: username: Error, expected `username` to be unique. Value: `korn`"
2021-05-17 23:07:28 [index.js] error: "User validation failed: username: Error, expected `username` to be unique. Value: `korn`"
2021-05-17 23:08:02 [index.js] error: "User validation failed: username: Error, expected `username` to be unique. Value: `korn`"
2021-05-17 23:08:05 [index.js] error: "User validation failed: username: Error, expected `username` to be unique. Value: `korn`"
2021-05-17 23:08:40 [index.js] error: "User validation failed: username: Error, expected `username` to be unique. Value: `korn`"
2021-05-17 23:10:05 [index.js] error: "User validation failed: username: Error, expected `username` to be unique. Value: `korn`"
2021-05-17 23:10:07 [index.js] error: "User validation failed: username: Error, expected `username` to be unique. Value: `korn`"
2021-05-17 23:10:08 [index.js] error: "User validation failed: username: Error, expected `username` to be unique. Value: `korn`"
2021-05-17 23:10:27 [index.js] error: "User validation failed: username: Error, expected `username` to be unique. Value: `korn`"
2021-05-17 23:10:28 [index.js] error: "User validation failed: username: Error, expected `username` to be unique. Value: `korn`"
2021-05-17 23:10:28 [index.js] error: "User validation failed: username: Error, expected `username` to be unique. Value: `korn`"
2021-05-17 23:10:49 [index.js] error: "User validation failed: username: Error, expected `username` to be unique. Value: `korn`"
2021-05-17 23:11:14 [index.js] error: "User validation failed: username: Error, expected `username` to be unique. Value: `korn`"
2021-05-17 23:11:15 [index.js] error: "User validation failed: username: Error, expected `username` to be unique. Value: `korn`"
2021-05-17 23:11:23 [index.js] error: "User validation failed: username: Error, expected `username` to be unique. Value: `korn`"
2021-05-17 23:11:24 [index.js] error: "User validation failed: username: Error, expected `username` to be unique. Value: `korn`"
2021-05-17 23:11:25 [index.js] error: "User validation failed: username: Error, expected `username` to be unique. Value: `korn`"
2021-05-17 23:12:28 [index.js] error: "User validation failed: username: Error, expected `username` to be unique. Value: `korn`"
2021-05-18 09:29:05 [index.js] error: "User validation failed: username: Error, expected `username` to be unique. Value: `korn`"
2021-05-18 09:29:23 [index.js] error: "User validation failed: username: Error, expected `username` to be unique. Value: `korn`"
2021-05-18 09:29:24 [index.js] error: "User validation failed: username: Error, expected `username` to be unique. Value: `korn`"
2021-05-18 09:32:04 [index.js] error: "User validation failed: username: Error, expected `username` to be unique. Value: `korn`"
2021-05-18 09:32:36 [index.js] error: "User validation failed: username: Error, expected `username` to be unique. Value: `korn`"
2021-05-18 09:33:56 [index.js] error: "User validation failed: username: Error, expected `username` to be unique. Value: `korn`"
2021-05-18 09:33:56 [index.js] error: "User validation failed: username: Error, expected `username` to be unique. Value: `korn`"
2021-05-18 09:34:09 [index.js] error: "User validation failed: username: Error, expected `username` to be unique. Value: `korn`"
2021-05-18 10:48:36 [index.js] error: "passwordValidator.validate is not a function"
2021-05-18 11:18:30 [index.js] error: ["min","uppercase","digits"]
2021-05-18 11:21:17 [index.js] error: {"status":400}
2021-05-18 11:21:35 [index.js] error: ["uppercase"]
2021-05-18 11:21:43 [index.js] error: ["min","uppercase"]
2021-05-18 11:26:27 [index.js] error: ["min","uppercase"]
2021-05-18 11:26:32 [index.js] error: ["min","uppercase","digits"]
2021-05-18 11:31:38 [index.js] error: "Needmin,uppercase,digits"
2021-05-18 11:31:40 [index.js] error: "Needmin,uppercase,digits"
2021-05-18 11:31:46 [index.js] error: "Need min,uppercase,digits"
2021-05-18 11:32:06 [index.js] error: "Need min,uppercase,digits"
2021-05-18 11:33:31 [index.js] error: "Need minimun 8 characters,need uppercase,"
2021-05-18 11:33:33 [index.js] error: "Need minimun 8 characters,need uppercase,"
2021-05-18 11:38:09 [index.js] error: "Need min,uppercase,digits"
2021-05-18 11:38:34 [index.js] error: "Need minimun 8 characters,need uppercase,minimum 1 digits of numbers"
2021-05-18 12:07:53 [index.js] error: "Need minimun 8 characters,need uppercase,minimum 1 digits of numbers"
2021-05-18 12:08:02 [index.js] error: "Need minimun 8 characters,need uppercase,minimum 1 digits of numbers"
2021-05-18 12:08:05 [index.js] error: "Need minimun 8 characters,need uppercase,minimum 1 digits of numbers"
2021-05-18 12:08:07 [index.js] error: "Need minimun 8 characters,need uppercase,minimum 1 digits of numbers"
2021-05-18 12:08:27 [index.js] error: "Need minimun 8 characters,need uppercase,minimum 1 digits of numbers"
2021-05-18 12:10:00 [index.js] error: "password is invalid."
2021-05-18 13:13:48 [index.js] error: "id: not found"
2021-05-18 13:19:47 [index.js] error: "Need minimun 8 characters,need uppercase,minimum 1 digits of numbers"
2021-05-18 14:27:08 [index.js] error: "username not found"
2021-05-18 15:21:14 [index.js] error: "username not found"
2021-05-18 15:22:26 [index.js] error: "password is invalid."
2021-05-18 19:32:00 [index.js] error: "password is invalid."
2021-05-18 19:32:01 [index.js] error: "password is invalid."
2021-05-18 19:32:02 [index.js] error: "password is invalid."
2021-05-18 21:31:05 [index.js] error: "id: not found"
2021-05-18 22:08:05 [index.js] error: "id: not found"
2021-05-18 22:10:27 [index.js] error: "password is invalid."
2021-05-18 22:12:50 [index.js] error: "password is invalid."
2021-05-18 22:12:51 [index.js] error: "password is invalid."
2021-05-18 22:13:28 [index.js] error: "password is invalid."
2021-05-18 22:14:14 [index.js] error: "password is invalid."
2021-05-18 22:14:15 [index.js] error: "password is invalid."
2021-05-18 22:14:39 [index.js] error: "password is invalid."
2021-05-18 22:14:47 [index.js] error: "password is invalid."
2021-05-18 22:14:48 [index.js] error: "password is invalid."
2021-05-18 22:14:49 [index.js] error: "password is invalid."
2021-05-18 22:15:17 [index.js] error: "password is invalid."
2021-05-18 22:15:18 [index.js] error: "password is invalid."
2021-05-18 22:15:19 [index.js] error: "password is invalid."
2021-05-18 22:15:20 [index.js] error: "password is invalid."
2021-05-18 22:16:53 [index.js] error: "id: not found"
2021-05-18 22:19:46 [index.js] error: "id: not found"
2021-05-18 22:19:50 [index.js] error: "id: not found"
2021-05-18 22:51:56 [index.js] error: "password is invalid."
2021-05-18 23:48:17 [index.js] error: {"status":500}
2021-05-18 23:49:30 [index.js] error: {"status":500}
2021-05-18 23:50:41 [index.js] error: {"status":500}
2021-05-18 23:50:42 [index.js] error: {"status":500}
2021-05-18 23:50:47 [index.js] error: {"status":500}
2021-05-18 23:52:17 [index.js] error: {"status":500}
2021-05-18 23:52:19 [index.js] error: {"status":500}
2021-05-18 23:54:13 [index.js] error: {"status":500}
2021-05-19 00:14:52 [index.js] error: "password is invalid."
2021-05-19 01:52:50 [index.js] error: "password is invalid."
2021-05-19 08:53:49 [index.js] error: "username not found"
2021-05-19 09:16:43 [index.js] error: "password is invalid."
2021-05-19 09:21:09 [index.js] error: "password is invalid."
2021-05-19 09:28:31 [index.js] error: "password is invalid."
2021-05-19 09:44:14 [index.js] error: "password is invalid."
2021-05-19 09:53:46 [index.js] error: "password is invalid."
2021-05-19 10:44:59 [index.js] error: "password is invalid."
2021-05-19 10:45:00 [index.js] error: "password is invalid."
2021-05-19 10:45:01 [index.js] error: "password is invalid."
2021-05-19 10:45:02 [index.js] error: "password is invalid."
2021-05-19 11:23:03 [index.js] error: "password is invalid."
2021-05-19 11:23:37 [index.js] error: "password is invalid."
2021-05-19 11:23:44 [index.js] error: "password is invalid."
2021-05-19 11:24:09 [index.js] error: "password is invalid."
2021-05-19 11:29:00 [index.js] error: "password is invalid."
2021-05-19 11:45:12 [index.js] error: "password is invalid."
2021-05-19 11:45:23 [index.js] error: "password is invalid."
2021-05-19 12:19:31 [index.js] error: "username not found"
2021-05-19 12:30:04 [index.js] error: "password is invalid."
2021-05-19 12:30:07 [index.js] error: "password is invalid."
